<?xml version="1.0" encoding="UTF-8"?>
<testng-results ignored="0" total="1" passed="1" failed="0" skipped="0">
  <reporter-output>
  </reporter-output>
  <suite started-at="2023-02-19T12:17:33 PST" name="Default suite" finished-at="2023-02-19T12:18:08 PST" duration-ms="34992">
    <groups>
    </groups>
    <test started-at="2023-02-19T12:17:33 PST" name="Default test" finished-at="2023-02-19T12:18:08 PST" duration-ms="34992">
      <class name="testscript.FirstTest">
        <test-method is-config="true" signature="ClassSetup()[pri:0, instance:testscript.FirstTest@2ddc9a9f]" started-at="2023-02-19T12:17:33 PST" name="ClassSetup" finished-at="2023-02-19T12:17:47 PST" duration-ms="13661" status="PASS">
          <reporter-output>
          </reporter-output>
        </test-method> <!-- ClassSetup -->
        <test-method is-config="true" signature="methodSetup()[pri:0, instance:testscript.FirstTest@2ddc9a9f]" started-at="2023-02-19T12:17:47 PST" name="methodSetup" finished-at="2023-02-19T12:17:49 PST" duration-ms="2068" status="PASS">
          <reporter-output>
          </reporter-output>
        </test-method> <!-- methodSetup -->
        <test-method signature="firstTest()[pri:0, instance:testscript.FirstTest@2ddc9a9f]" started-at="2023-02-19T12:17:49 PST" name="firstTest" finished-at="2023-02-19T12:18:08 PST" duration-ms="18811" status="PASS">
          <reporter-output>
          </reporter-output>
        </test-method> <!-- firstTest -->
        <test-method is-config="true" signature="methodTearDown()[pri:0, instance:testscript.FirstTest@2ddc9a9f]" started-at="2023-02-19T12:18:08 PST" name="methodTearDown" finished-at="2023-02-19T12:18:08 PST" duration-ms="1" status="PASS">
          <reporter-output>
          </reporter-output>
        </test-method> <!-- methodTearDown -->
        <test-method is-config="true" signature="classTearDown()[pri:0, instance:testscript.FirstTest@2ddc9a9f]" started-at="2023-02-19T12:18:08 PST" name="classTearDown" finished-at="2023-02-19T12:18:08 PST" duration-ms="367" status="PASS">
          <reporter-output>
          </reporter-output>
        </test-method> <!-- classTearDown -->
      </class> <!-- testscript.FirstTest -->
    </test> <!-- Default test -->
  </suite> <!-- Default suite -->
</testng-results>
